2025-11-08 10:45:58 [INFO] o.a.A.SpringStarterApplication [restartedMain] - Starting SpringStarterApplication using Java 21.0.7 with PID 38504 (D:\Java projects\AlbumMS\backend\AlbumManagementSystemAPI\target\classes started by ishch in D:\Java projects\AlbumMS\backend\AlbumManagementSystemAPI)
2025-11-08 10:45:58 [DEBUG] o.a.A.SpringStarterApplication [restartedMain] - Running with Spring Boot v3.5.7, Spring v6.2.12
2025-11-08 10:45:58 [INFO] o.a.A.SpringStarterApplication [restartedMain] - No active profile set, falling back to 1 default profile: "default"
2025-11-08 10:45:58 [INFO] o.s.b.d.e.DevToolsPropertyDefaultsPostProcessor [restartedMain] - Devtools property defaults active! Set 'spring.devtools.add-properties' to 'false' to disable
2025-11-08 10:45:58 [INFO] o.s.b.d.e.DevToolsPropertyDefaultsPostProcessor [restartedMain] - For additional web related logging consider setting the 'logging.level.web' property to 'DEBUG'
2025-11-08 10:46:00 [INFO] o.s.d.r.c.RepositoryConfigurationDelegate [restartedMain] - Bootstrapping Spring Data JPA repositories in DEFAULT mode.
2025-11-08 10:46:00 [INFO] o.s.d.r.c.RepositoryConfigurationDelegate [restartedMain] - Finished Spring Data repository scanning in 69 ms. Found 3 JPA repository interfaces.
2025-11-08 10:46:01 [INFO] o.s.b.w.e.t.TomcatWebServer [restartedMain] - Tomcat initialized with port 8080 (http)
2025-11-08 10:46:01 [INFO] o.a.c.c.StandardService [restartedMain] - Starting service [Tomcat]
2025-11-08 10:46:01 [INFO] o.a.c.c.StandardEngine [restartedMain] - Starting Servlet engine: [Apache Tomcat/10.1.48]
2025-11-08 10:46:01 [INFO] o.a.c.c.C.[.[.[/] [restartedMain] - Initializing Spring embedded WebApplicationContext
2025-11-08 10:46:01 [INFO] o.s.b.w.s.c.ServletWebServerApplicationContext [restartedMain] - Root WebApplicationContext: initialization completed in 2465 ms
2025-11-08 10:46:01 [INFO] o.h.j.i.u.LogHelper [restartedMain] - HHH000204: Processing PersistenceUnitInfo [name: default]
2025-11-08 10:46:01 [INFO] o.h.Version [restartedMain] - HHH000412: Hibernate ORM core version 6.6.33.Final
2025-11-08 10:46:01 [INFO] o.h.c.i.RegionFactoryInitiator [restartedMain] - HHH000026: Second-level cache disabled
2025-11-08 10:46:02 [INFO] o.s.o.j.p.SpringPersistenceUnitInfo [restartedMain] - No LoadTimeWeaver setup: ignoring JPA class transformer
2025-11-08 10:46:02 [INFO] c.z.h.HikariDataSource [restartedMain] - HikariPool-1 - Starting...
2025-11-08 10:46:02 [INFO] c.z.h.p.HikariPool [restartedMain] - HikariPool-1 - Added connection com.mysql.cj.jdbc.ConnectionImpl@66e1cb5b
2025-11-08 10:46:02 [INFO] c.z.h.HikariDataSource [restartedMain] - HikariPool-1 - Start completed.
2025-11-08 10:46:02 [WARN] o.h.o.deprecation [restartedMain] - HHH90000025: MySQLDialect does not need to be specified explicitly using 'hibernate.dialect' (remove the property setting and it will be selected by default)
2025-11-08 10:46:02 [INFO] o.h.o.c.pooling [restartedMain] - HHH10001005: Database info:
	Database JDBC URL [Connecting through datasource 'HikariDataSource (HikariPool-1)']
	Database driver: undefined/unknown
	Database version: 8.0.35
	Autocommit mode: undefined/unknown
	Isolation level: undefined/unknown
	Minimum pool size: undefined/unknown
	Maximum pool size: undefined/unknown
2025-11-08 10:46:03 [INFO] o.h.e.t.j.p.i.JtaPlatformInitiator [restartedMain] - HHH000489: No JTA platform available (set 'hibernate.transaction.jta.platform' to enable JTA platform integration)
2025-11-08 10:46:04 [WARN] o.h.t.s.i.ExceptionHandlerLoggedImpl [restartedMain] - GenerationTarget encountered exception accepting command : Error executing DDL "alter table account_authorities drop foreign key FKfy3jie51rrfqybg5jm47hp4q0" via JDBC [Table 'album.account_authorities' doesn't exist]
org.hibernate.tool.schema.spi.CommandAcceptanceException: Error executing DDL "alter table account_authorities drop foreign key FKfy3jie51rrfqybg5jm47hp4q0" via JDBC [Table 'album.account_authorities' doesn't exist]
	at org.hibernate.tool.schema.internal.exec.GenerationTargetToDatabase.accept(GenerationTargetToDatabase.java:94)
	at org.hibernate.tool.schema.internal.Helper.applySqlString(Helper.java:233)
	at org.hibernate.tool.schema.internal.Helper.applySqlStrings(Helper.java:217)
	at org.hibernate.tool.schema.internal.SchemaDropperImpl.applyConstraintDropping(SchemaDropperImpl.java:479)
	at org.hibernate.tool.schema.internal.SchemaDropperImpl.dropConstraintsTablesSequences(SchemaDropperImpl.java:245)
	at org.hibernate.tool.schema.internal.SchemaDropperImpl.dropFromMetadata(SchemaDropperImpl.java:218)
	at org.hibernate.tool.schema.internal.SchemaDropperImpl.performDrop(SchemaDropperImpl.java:186)
	at org.hibernate.tool.schema.internal.SchemaDropperImpl.doDrop(SchemaDropperImpl.java:156)
	at org.hibernate.tool.schema.internal.SchemaDropperImpl.doDrop(SchemaDropperImpl.java:116)
	at org.hibernate.tool.schema.spi.SchemaManagementToolCoordinator.performDatabaseAction(SchemaManagementToolCoordinator.java:238)
	at org.hibernate.tool.schema.spi.SchemaManagementToolCoordinator.lambda$process$5(SchemaManagementToolCoordinator.java:144)
	at java.base/java.util.HashMap.forEach(HashMap.java:1429)
	at org.hibernate.tool.schema.spi.SchemaManagementToolCoordinator.process(SchemaManagementToolCoordinator.java:141)
	at org.hibernate.boot.internal.SessionFactoryObserverForSchemaExport.sessionFactoryCreated(SessionFactoryObserverForSchemaExport.java:37)
	at org.hibernate.internal.SessionFactoryObserverChain.sessionFactoryCreated(SessionFactoryObserverChain.java:35)
	at org.hibernate.internal.SessionFactoryImpl.<init>(SessionFactoryImpl.java:324)
	at org.hibernate.boot.internal.SessionFactoryBuilderImpl.build(SessionFactoryBuilderImpl.java:463)
	at org.hibernate.jpa.boot.internal.EntityManagerFactoryBuilderImpl.build(EntityManagerFactoryBuilderImpl.java:1517)
	at org.springframework.orm.jpa.vendor.SpringHibernateJpaPersistenceProvider.createContainerEntityManagerFactory(SpringHibernateJpaPersistenceProvider.java:66)
	at org.springframework.orm.jpa.LocalContainerEntityManagerFactoryBean.createNativeEntityManagerFactory(LocalContainerEntityManagerFactoryBean.java:390)
	at org.springframework.orm.jpa.AbstractEntityManagerFactoryBean.buildNativeEntityManagerFactory(AbstractEntityManagerFactoryBean.java:419)
	at org.springframework.orm.jpa.AbstractEntityManagerFactoryBean.afterPropertiesSet(AbstractEntityManagerFactoryBean.java:400)
	at org.springframework.orm.jpa.LocalContainerEntityManagerFactoryBean.afterPropertiesSet(LocalContainerEntityManagerFactoryBean.java:366)
	at org.springframework.beans.factory.support.AbstractAutowireCapableBeanFactory.invokeInitMethods(AbstractAutowireCapableBeanFactory.java:1873)
	at org.springframework.beans.factory.support.AbstractAutowireCapableBeanFactory.initializeBean(AbstractAutowireCapableBeanFactory.java:1822)
	at org.springframework.beans.factory.support.AbstractAutowireCapableBeanFactory.doCreateBean(AbstractAutowireCapableBeanFactory.java:607)
	at org.springframework.beans.factory.support.AbstractAutowireCapableBeanFactory.createBean(AbstractAutowireCapableBeanFactory.java:529)
	at org.springframework.beans.factory.support.AbstractBeanFactory.lambda$doGetBean$0(AbstractBeanFactory.java:339)
	at org.springframework.beans.factory.support.DefaultSingletonBeanRegistry.getSingleton(DefaultSingletonBeanRegistry.java:373)
	at org.springframework.beans.factory.support.AbstractBeanFactory.doGetBean(AbstractBeanFactory.java:337)
	at org.springframework.beans.factory.support.AbstractBeanFactory.getBean(AbstractBeanFactory.java:207)
	at org.springframework.context.support.AbstractApplicationContext.finishBeanFactoryInitialization(AbstractApplicationContext.java:973)
	at org.springframework.context.support.AbstractApplicationContext.refresh(AbstractApplicationContext.java:627)
	at org.springframework.boot.web.servlet.context.ServletWebServerApplicationContext.refresh(ServletWebServerApplicationContext.java:146)
	at org.springframework.boot.SpringApplication.refresh(SpringApplication.java:752)
	at org.springframework.boot.SpringApplication.refreshContext(SpringApplication.java:439)
	at org.springframework.boot.SpringApplication.run(SpringApplication.java:318)
	at org.springframework.boot.SpringApplication.run(SpringApplication.java:1361)
	at org.springframework.boot.SpringApplication.run(SpringApplication.java:1350)
	at org.album.AlbumsManagementSystemAPI.SpringStarterApplication.main(SpringStarterApplication.java:14)
	at java.base/jdk.internal.reflect.DirectMethodHandleAccessor.invoke(DirectMethodHandleAccessor.java:103)
	at java.base/java.lang.reflect.Method.invoke(Method.java:580)
	at org.springframework.boot.devtools.restart.RestartLauncher.run(RestartLauncher.java:50)
Caused by: java.sql.SQLSyntaxErrorException: Table 'album.account_authorities' doesn't exist
	at com.mysql.cj.jdbc.exceptions.SQLError.createSQLException(SQLError.java:112)
	at com.mysql.cj.jdbc.exceptions.SQLExceptionsMapping.translateException(SQLExceptionsMapping.java:114)
	at com.mysql.cj.jdbc.StatementImpl.executeInternal(StatementImpl.java:837)
	at com.mysql.cj.jdbc.StatementImpl.execute(StatementImpl.java:685)
	at com.zaxxer.hikari.pool.ProxyStatement.execute(ProxyStatement.java:95)
	at com.zaxxer.hikari.pool.HikariProxyStatement.execute(HikariProxyStatement.java)
	at org.hibernate.tool.schema.internal.exec.GenerationTargetToDatabase.accept(GenerationTargetToDatabase.java:80)
	... 42 common frames omitted
2025-11-08 10:46:04 [WARN] o.h.t.s.i.ExceptionHandlerLoggedImpl [restartedMain] - GenerationTarget encountered exception accepting command : Error executing DDL "alter table album drop foreign key FK5jtlch5qo4kdolwqbfyrf4e02" via JDBC [Table 'album.album' doesn't exist]
org.hibernate.tool.schema.spi.CommandAcceptanceException: Error executing DDL "alter table album drop foreign key FK5jtlch5qo4kdolwqbfyrf4e02" via JDBC [Table 'album.album' doesn't exist]
	at org.hibernate.tool.schema.internal.exec.GenerationTargetToDatabase.accept(GenerationTargetToDatabase.java:94)
	at org.hibernate.tool.schema.internal.Helper.applySqlString(Helper.java:233)
	at org.hibernate.tool.schema.internal.Helper.applySqlStrings(Helper.java:217)
	at org.hibernate.tool.schema.internal.SchemaDropperImpl.applyConstraintDropping(SchemaDropperImpl.java:479)
	at org.hibernate.tool.schema.internal.SchemaDropperImpl.dropConstraintsTablesSequences(SchemaDropperImpl.java:245)
	at org.hibernate.tool.schema.internal.SchemaDropperImpl.dropFromMetadata(SchemaDropperImpl.java:218)
	at org.hibernate.tool.schema.internal.SchemaDropperImpl.performDrop(SchemaDropperImpl.java:186)
	at org.hibernate.tool.schema.internal.SchemaDropperImpl.doDrop(SchemaDropperImpl.java:156)
	at org.hibernate.tool.schema.internal.SchemaDropperImpl.doDrop(SchemaDropperImpl.java:116)
	at org.hibernate.tool.schema.spi.SchemaManagementToolCoordinator.performDatabaseAction(SchemaManagementToolCoordinator.java:238)
	at org.hibernate.tool.schema.spi.SchemaManagementToolCoordinator.lambda$process$5(SchemaManagementToolCoordinator.java:144)
	at java.base/java.util.HashMap.forEach(HashMap.java:1429)
	at org.hibernate.tool.schema.spi.SchemaManagementToolCoordinator.process(SchemaManagementToolCoordinator.java:141)
	at org.hibernate.boot.internal.SessionFactoryObserverForSchemaExport.sessionFactoryCreated(SessionFactoryObserverForSchemaExport.java:37)
	at org.hibernate.internal.SessionFactoryObserverChain.sessionFactoryCreated(SessionFactoryObserverChain.java:35)
	at org.hibernate.internal.SessionFactoryImpl.<init>(SessionFactoryImpl.java:324)
	at org.hibernate.boot.internal.SessionFactoryBuilderImpl.build(SessionFactoryBuilderImpl.java:463)
	at org.hibernate.jpa.boot.internal.EntityManagerFactoryBuilderImpl.build(EntityManagerFactoryBuilderImpl.java:1517)
	at org.springframework.orm.jpa.vendor.SpringHibernateJpaPersistenceProvider.createContainerEntityManagerFactory(SpringHibernateJpaPersistenceProvider.java:66)
	at org.springframework.orm.jpa.LocalContainerEntityManagerFactoryBean.createNativeEntityManagerFactory(LocalContainerEntityManagerFactoryBean.java:390)
	at org.springframework.orm.jpa.AbstractEntityManagerFactoryBean.buildNativeEntityManagerFactory(AbstractEntityManagerFactoryBean.java:419)
	at org.springframework.orm.jpa.AbstractEntityManagerFactoryBean.afterPropertiesSet(AbstractEntityManagerFactoryBean.java:400)
	at org.springframework.orm.jpa.LocalContainerEntityManagerFactoryBean.afterPropertiesSet(LocalContainerEntityManagerFactoryBean.java:366)
	at org.springframework.beans.factory.support.AbstractAutowireCapableBeanFactory.invokeInitMethods(AbstractAutowireCapableBeanFactory.java:1873)
	at org.springframework.beans.factory.support.AbstractAutowireCapableBeanFactory.initializeBean(AbstractAutowireCapableBeanFactory.java:1822)
	at org.springframework.beans.factory.support.AbstractAutowireCapableBeanFactory.doCreateBean(AbstractAutowireCapableBeanFactory.java:607)
	at org.springframework.beans.factory.support.AbstractAutowireCapableBeanFactory.createBean(AbstractAutowireCapableBeanFactory.java:529)
	at org.springframework.beans.factory.support.AbstractBeanFactory.lambda$doGetBean$0(AbstractBeanFactory.java:339)
	at org.springframework.beans.factory.support.DefaultSingletonBeanRegistry.getSingleton(DefaultSingletonBeanRegistry.java:373)
	at org.springframework.beans.factory.support.AbstractBeanFactory.doGetBean(AbstractBeanFactory.java:337)
	at org.springframework.beans.factory.support.AbstractBeanFactory.getBean(AbstractBeanFactory.java:207)
	at org.springframework.context.support.AbstractApplicationContext.finishBeanFactoryInitialization(AbstractApplicationContext.java:973)
	at org.springframework.context.support.AbstractApplicationContext.refresh(AbstractApplicationContext.java:627)
	at org.springframework.boot.web.servlet.context.ServletWebServerApplicationContext.refresh(ServletWebServerApplicationContext.java:146)
	at org.springframework.boot.SpringApplication.refresh(SpringApplication.java:752)
	at org.springframework.boot.SpringApplication.refreshContext(SpringApplication.java:439)
	at org.springframework.boot.SpringApplication.run(SpringApplication.java:318)
	at org.springframework.boot.SpringApplication.run(SpringApplication.java:1361)
	at org.springframework.boot.SpringApplication.run(SpringApplication.java:1350)
	at org.album.AlbumsManagementSystemAPI.SpringStarterApplication.main(SpringStarterApplication.java:14)
	at java.base/jdk.internal.reflect.DirectMethodHandleAccessor.invoke(DirectMethodHandleAccessor.java:103)
	at java.base/java.lang.reflect.Method.invoke(Method.java:580)
	at org.springframework.boot.devtools.restart.RestartLauncher.run(RestartLauncher.java:50)
Caused by: java.sql.SQLSyntaxErrorException: Table 'album.album' doesn't exist
	at com.mysql.cj.jdbc.exceptions.SQLError.createSQLException(SQLError.java:112)
	at com.mysql.cj.jdbc.exceptions.SQLExceptionsMapping.translateException(SQLExceptionsMapping.java:114)
	at com.mysql.cj.jdbc.StatementImpl.executeInternal(StatementImpl.java:837)
	at com.mysql.cj.jdbc.StatementImpl.execute(StatementImpl.java:685)
	at com.zaxxer.hikari.pool.ProxyStatement.execute(ProxyStatement.java:95)
	at com.zaxxer.hikari.pool.HikariProxyStatement.execute(HikariProxyStatement.java)
	at org.hibernate.tool.schema.internal.exec.GenerationTargetToDatabase.accept(GenerationTargetToDatabase.java:80)
	... 42 common frames omitted
2025-11-08 10:46:04 [WARN] o.h.t.s.i.ExceptionHandlerLoggedImpl [restartedMain] - GenerationTarget encountered exception accepting command : Error executing DDL "alter table photo drop foreign key FKpy64km2p72eoy5rwh31ria0vx" via JDBC [Table 'album.photo' doesn't exist]
org.hibernate.tool.schema.spi.CommandAcceptanceException: Error executing DDL "alter table photo drop foreign key FKpy64km2p72eoy5rwh31ria0vx" via JDBC [Table 'album.photo' doesn't exist]
	at org.hibernate.tool.schema.internal.exec.GenerationTargetToDatabase.accept(GenerationTargetToDatabase.java:94)
	at org.hibernate.tool.schema.internal.Helper.applySqlString(Helper.java:233)
	at org.hibernate.tool.schema.internal.Helper.applySqlStrings(Helper.java:217)
	at org.hibernate.tool.schema.internal.SchemaDropperImpl.applyConstraintDropping(SchemaDropperImpl.java:479)
	at org.hibernate.tool.schema.internal.SchemaDropperImpl.dropConstraintsTablesSequences(SchemaDropperImpl.java:245)
	at org.hibernate.tool.schema.internal.SchemaDropperImpl.dropFromMetadata(SchemaDropperImpl.java:218)
	at org.hibernate.tool.schema.internal.SchemaDropperImpl.performDrop(SchemaDropperImpl.java:186)
	at org.hibernate.tool.schema.internal.SchemaDropperImpl.doDrop(SchemaDropperImpl.java:156)
	at org.hibernate.tool.schema.internal.SchemaDropperImpl.doDrop(SchemaDropperImpl.java:116)
	at org.hibernate.tool.schema.spi.SchemaManagementToolCoordinator.performDatabaseAction(SchemaManagementToolCoordinator.java:238)
	at org.hibernate.tool.schema.spi.SchemaManagementToolCoordinator.lambda$process$5(SchemaManagementToolCoordinator.java:144)
	at java.base/java.util.HashMap.forEach(HashMap.java:1429)
	at org.hibernate.tool.schema.spi.SchemaManagementToolCoordinator.process(SchemaManagementToolCoordinator.java:141)
	at org.hibernate.boot.internal.SessionFactoryObserverForSchemaExport.sessionFactoryCreated(SessionFactoryObserverForSchemaExport.java:37)
	at org.hibernate.internal.SessionFactoryObserverChain.sessionFactoryCreated(SessionFactoryObserverChain.java:35)
	at org.hibernate.internal.SessionFactoryImpl.<init>(SessionFactoryImpl.java:324)
	at org.hibernate.boot.internal.SessionFactoryBuilderImpl.build(SessionFactoryBuilderImpl.java:463)
	at org.hibernate.jpa.boot.internal.EntityManagerFactoryBuilderImpl.build(EntityManagerFactoryBuilderImpl.java:1517)
	at org.springframework.orm.jpa.vendor.SpringHibernateJpaPersistenceProvider.createContainerEntityManagerFactory(SpringHibernateJpaPersistenceProvider.java:66)
	at org.springframework.orm.jpa.LocalContainerEntityManagerFactoryBean.createNativeEntityManagerFactory(LocalContainerEntityManagerFactoryBean.java:390)
	at org.springframework.orm.jpa.AbstractEntityManagerFactoryBean.buildNativeEntityManagerFactory(AbstractEntityManagerFactoryBean.java:419)
	at org.springframework.orm.jpa.AbstractEntityManagerFactoryBean.afterPropertiesSet(AbstractEntityManagerFactoryBean.java:400)
	at org.springframework.orm.jpa.LocalContainerEntityManagerFactoryBean.afterPropertiesSet(LocalContainerEntityManagerFactoryBean.java:366)
	at org.springframework.beans.factory.support.AbstractAutowireCapableBeanFactory.invokeInitMethods(AbstractAutowireCapableBeanFactory.java:1873)
	at org.springframework.beans.factory.support.AbstractAutowireCapableBeanFactory.initializeBean(AbstractAutowireCapableBeanFactory.java:1822)
	at org.springframework.beans.factory.support.AbstractAutowireCapableBeanFactory.doCreateBean(AbstractAutowireCapableBeanFactory.java:607)
	at org.springframework.beans.factory.support.AbstractAutowireCapableBeanFactory.createBean(AbstractAutowireCapableBeanFactory.java:529)
	at org.springframework.beans.factory.support.AbstractBeanFactory.lambda$doGetBean$0(AbstractBeanFactory.java:339)
	at org.springframework.beans.factory.support.DefaultSingletonBeanRegistry.getSingleton(DefaultSingletonBeanRegistry.java:373)
	at org.springframework.beans.factory.support.AbstractBeanFactory.doGetBean(AbstractBeanFactory.java:337)
	at org.springframework.beans.factory.support.AbstractBeanFactory.getBean(AbstractBeanFactory.java:207)
	at org.springframework.context.support.AbstractApplicationContext.finishBeanFactoryInitialization(AbstractApplicationContext.java:973)
	at org.springframework.context.support.AbstractApplicationContext.refresh(AbstractApplicationContext.java:627)
	at org.springframework.boot.web.servlet.context.ServletWebServerApplicationContext.refresh(ServletWebServerApplicationContext.java:146)
	at org.springframework.boot.SpringApplication.refresh(SpringApplication.java:752)
	at org.springframework.boot.SpringApplication.refreshContext(SpringApplication.java:439)
	at org.springframework.boot.SpringApplication.run(SpringApplication.java:318)
	at org.springframework.boot.SpringApplication.run(SpringApplication.java:1361)
	at org.springframework.boot.SpringApplication.run(SpringApplication.java:1350)
	at org.album.AlbumsManagementSystemAPI.SpringStarterApplication.main(SpringStarterApplication.java:14)
	at java.base/jdk.internal.reflect.DirectMethodHandleAccessor.invoke(DirectMethodHandleAccessor.java:103)
	at java.base/java.lang.reflect.Method.invoke(Method.java:580)
	at org.springframework.boot.devtools.restart.RestartLauncher.run(RestartLauncher.java:50)
Caused by: java.sql.SQLSyntaxErrorException: Table 'album.photo' doesn't exist
	at com.mysql.cj.jdbc.exceptions.SQLError.createSQLException(SQLError.java:112)
	at com.mysql.cj.jdbc.exceptions.SQLExceptionsMapping.translateException(SQLExceptionsMapping.java:114)
	at com.mysql.cj.jdbc.StatementImpl.executeInternal(StatementImpl.java:837)
	at com.mysql.cj.jdbc.StatementImpl.execute(StatementImpl.java:685)
	at com.zaxxer.hikari.pool.ProxyStatement.execute(ProxyStatement.java:95)
	at com.zaxxer.hikari.pool.HikariProxyStatement.execute(HikariProxyStatement.java)
	at org.hibernate.tool.schema.internal.exec.GenerationTargetToDatabase.accept(GenerationTargetToDatabase.java:80)
	... 42 common frames omitted
2025-11-08 10:46:04 [INFO] o.s.o.j.LocalContainerEntityManagerFactoryBean [restartedMain] - Initialized JPA EntityManagerFactory for persistence unit 'default'
2025-11-08 10:46:05 [INFO] o.s.s.c.a.a.c.InitializeUserDetailsBeanManagerConfigurer$InitializeUserDetailsManagerConfigurer [restartedMain] - Global AuthenticationManager configured with UserDetailsService bean with name accountService
2025-11-08 10:46:05 [WARN] o.s.b.a.o.j.JpaBaseConfiguration$JpaWebConfiguration [restartedMain] - spring.jpa.open-in-view is enabled by default. Therefore, database queries may be performed during view rendering. Explicitly configure spring.jpa.open-in-view to disable this warning
2025-11-08 10:46:06 [INFO] o.s.b.d.a.OptionalLiveReloadServer [restartedMain] - LiveReload server is running on port 35729
2025-11-08 10:46:06 [INFO] o.s.b.w.e.t.TomcatWebServer [restartedMain] - Tomcat started on port 8080 (http) with context path '/'
2025-11-08 10:46:06 [INFO] o.a.A.SpringStarterApplication [restartedMain] - Started SpringStarterApplication in 8.568 seconds (process running for 12.899)
2025-11-08 10:46:22 [INFO] o.a.c.c.C.[.[.[/] [http-nio-8080-exec-1] - Initializing Spring DispatcherServlet 'dispatcherServlet'
2025-11-08 10:46:22 [INFO] o.s.w.s.DispatcherServlet [http-nio-8080-exec-1] - Initializing Servlet 'dispatcherServlet'
2025-11-08 10:46:22 [INFO] o.s.w.s.DispatcherServlet [http-nio-8080-exec-1] - Completed initialization in 1 ms
2025-11-08 11:11:38 [INFO] o.s.a.AbstractOpenApiResource [http-nio-8080-exec-9] - Init duration for springdoc-openapi is: 618 ms
2025-11-08 13:50:59 [DEBUG] o.a.A.C.AuthController [http-nio-8080-exec-2] - TOKEN_GENERATION_ERROR: Неверные учетные данные пользователя
2025-11-08 14:12:13 [INFO] o.s.b.w.e.t.GracefulShutdown [SpringApplicationShutdownHook] - Commencing graceful shutdown. Waiting for active requests to complete
2025-11-08 14:12:13 [INFO] o.s.b.w.e.t.GracefulShutdown [tomcat-shutdown] - Graceful shutdown complete
2025-11-08 14:12:13 [INFO] o.s.o.j.LocalContainerEntityManagerFactoryBean [SpringApplicationShutdownHook] - Closing JPA EntityManagerFactory for persistence unit 'default'
2025-11-08 14:12:13 [INFO] c.z.h.HikariDataSource [SpringApplicationShutdownHook] - HikariPool-1 - Shutdown initiated...
2025-11-08 14:12:13 [INFO] c.z.h.HikariDataSource [SpringApplicationShutdownHook] - HikariPool-1 - Shutdown completed.
2025-11-08 15:18:44 [INFO] o.a.A.SpringStarterApplication [restartedMain] - Starting SpringStarterApplication using Java 21.0.7 with PID 30328 (D:\Java projects\AlbumMS\backend\AlbumManagementSystemAPI\target\classes started by ishch in D:\Java projects\AlbumMS\backend\AlbumManagementSystemAPI)
2025-11-08 15:18:44 [DEBUG] o.a.A.SpringStarterApplication [restartedMain] - Running with Spring Boot v3.5.7, Spring v6.2.12
2025-11-08 15:18:44 [INFO] o.a.A.SpringStarterApplication [restartedMain] - No active profile set, falling back to 1 default profile: "default"
2025-11-08 15:18:44 [INFO] o.s.b.d.e.DevToolsPropertyDefaultsPostProcessor [restartedMain] - Devtools property defaults active! Set 'spring.devtools.add-properties' to 'false' to disable
2025-11-08 15:18:44 [INFO] o.s.b.d.e.DevToolsPropertyDefaultsPostProcessor [restartedMain] - For additional web related logging consider setting the 'logging.level.web' property to 'DEBUG'
2025-11-08 15:18:46 [INFO] o.s.d.r.c.RepositoryConfigurationDelegate [restartedMain] - Bootstrapping Spring Data JPA repositories in DEFAULT mode.
2025-11-08 15:18:46 [INFO] o.s.d.r.c.RepositoryConfigurationDelegate [restartedMain] - Finished Spring Data repository scanning in 60 ms. Found 3 JPA repository interfaces.
2025-11-08 15:18:46 [INFO] o.s.b.w.e.t.TomcatWebServer [restartedMain] - Tomcat initialized with port 8080 (http)
2025-11-08 15:18:46 [INFO] o.a.c.c.StandardService [restartedMain] - Starting service [Tomcat]
2025-11-08 15:18:46 [INFO] o.a.c.c.StandardEngine [restartedMain] - Starting Servlet engine: [Apache Tomcat/10.1.48]
2025-11-08 15:18:47 [INFO] o.a.c.c.C.[.[.[/] [restartedMain] - Initializing Spring embedded WebApplicationContext
2025-11-08 15:18:47 [INFO] o.s.b.w.s.c.ServletWebServerApplicationContext [restartedMain] - Root WebApplicationContext: initialization completed in 2374 ms
2025-11-08 15:18:47 [INFO] o.h.j.i.u.LogHelper [restartedMain] - HHH000204: Processing PersistenceUnitInfo [name: default]
2025-11-08 15:18:47 [INFO] o.h.Version [restartedMain] - HHH000412: Hibernate ORM core version 6.6.33.Final
2025-11-08 15:18:47 [INFO] o.h.c.i.RegionFactoryInitiator [restartedMain] - HHH000026: Second-level cache disabled
2025-11-08 15:18:47 [INFO] o.s.o.j.p.SpringPersistenceUnitInfo [restartedMain] - No LoadTimeWeaver setup: ignoring JPA class transformer
2025-11-08 15:18:47 [INFO] c.z.h.HikariDataSource [restartedMain] - HikariPool-1 - Starting...
2025-11-08 15:18:48 [INFO] c.z.h.p.HikariPool [restartedMain] - HikariPool-1 - Added connection com.mysql.cj.jdbc.ConnectionImpl@1f8cb4ac
2025-11-08 15:18:48 [INFO] c.z.h.HikariDataSource [restartedMain] - HikariPool-1 - Start completed.
2025-11-08 15:18:48 [WARN] o.h.o.deprecation [restartedMain] - HHH90000025: MySQLDialect does not need to be specified explicitly using 'hibernate.dialect' (remove the property setting and it will be selected by default)
2025-11-08 15:18:48 [INFO] o.h.o.c.pooling [restartedMain] - HHH10001005: Database info:
	Database JDBC URL [Connecting through datasource 'HikariDataSource (HikariPool-1)']
	Database driver: undefined/unknown
	Database version: 8.0.35
	Autocommit mode: undefined/unknown
	Isolation level: undefined/unknown
	Minimum pool size: undefined/unknown
	Maximum pool size: undefined/unknown
2025-11-08 15:18:49 [INFO] o.h.e.t.j.p.i.JtaPlatformInitiator [restartedMain] - HHH000489: No JTA platform available (set 'hibernate.transaction.jta.platform' to enable JTA platform integration)
2025-11-08 15:18:50 [INFO] o.s.o.j.LocalContainerEntityManagerFactoryBean [restartedMain] - Initialized JPA EntityManagerFactory for persistence unit 'default'
2025-11-08 15:18:50 [INFO] o.s.s.c.a.a.c.InitializeUserDetailsBeanManagerConfigurer$InitializeUserDetailsManagerConfigurer [restartedMain] - Global AuthenticationManager configured with UserDetailsService bean with name accountService
2025-11-08 15:18:51 [WARN] o.s.b.a.o.j.JpaBaseConfiguration$JpaWebConfiguration [restartedMain] - spring.jpa.open-in-view is enabled by default. Therefore, database queries may be performed during view rendering. Explicitly configure spring.jpa.open-in-view to disable this warning
2025-11-08 15:18:52 [INFO] o.s.b.d.a.OptionalLiveReloadServer [restartedMain] - LiveReload server is running on port 35729
2025-11-08 15:18:52 [INFO] o.s.b.w.e.t.TomcatWebServer [restartedMain] - Tomcat started on port 8080 (http) with context path '/'
2025-11-08 15:18:52 [INFO] o.a.A.SpringStarterApplication [restartedMain] - Started SpringStarterApplication in 8.016 seconds (process running for 11.639)
2025-11-08 15:23:09 [INFO] o.s.b.w.e.t.GracefulShutdown [SpringApplicationShutdownHook] - Commencing graceful shutdown. Waiting for active requests to complete
2025-11-08 15:23:09 [INFO] o.s.b.w.e.t.GracefulShutdown [tomcat-shutdown] - Graceful shutdown complete
2025-11-08 15:23:09 [INFO] o.s.o.j.LocalContainerEntityManagerFactoryBean [SpringApplicationShutdownHook] - Closing JPA EntityManagerFactory for persistence unit 'default'
2025-11-08 15:23:09 [INFO] c.z.h.HikariDataSource [SpringApplicationShutdownHook] - HikariPool-1 - Shutdown initiated...
2025-11-08 15:23:09 [INFO] c.z.h.HikariDataSource [SpringApplicationShutdownHook] - HikariPool-1 - Shutdown completed.
2025-11-08 15:25:26 [INFO] o.a.A.SpringStarterApplication [restartedMain] - Starting SpringStarterApplication using Java 21.0.7 with PID 25384 (D:\Java projects\AlbumMS\backend\AlbumManagementSystemAPI\target\classes started by ishch in D:\Java projects\AlbumMS\backend\AlbumManagementSystemAPI)
2025-11-08 15:25:26 [DEBUG] o.a.A.SpringStarterApplication [restartedMain] - Running with Spring Boot v3.5.7, Spring v6.2.12
2025-11-08 15:25:26 [INFO] o.a.A.SpringStarterApplication [restartedMain] - No active profile set, falling back to 1 default profile: "default"
2025-11-08 15:25:26 [INFO] o.s.b.d.e.DevToolsPropertyDefaultsPostProcessor [restartedMain] - Devtools property defaults active! Set 'spring.devtools.add-properties' to 'false' to disable
2025-11-08 15:25:26 [INFO] o.s.b.d.e.DevToolsPropertyDefaultsPostProcessor [restartedMain] - For additional web related logging consider setting the 'logging.level.web' property to 'DEBUG'
2025-11-08 15:25:27 [INFO] o.s.d.r.c.RepositoryConfigurationDelegate [restartedMain] - Bootstrapping Spring Data JPA repositories in DEFAULT mode.
2025-11-08 15:25:27 [INFO] o.s.d.r.c.RepositoryConfigurationDelegate [restartedMain] - Finished Spring Data repository scanning in 70 ms. Found 3 JPA repository interfaces.
2025-11-08 15:25:27 [INFO] o.s.b.w.e.t.TomcatWebServer [restartedMain] - Tomcat initialized with port 8080 (http)
2025-11-08 15:25:27 [INFO] o.a.c.c.StandardService [restartedMain] - Starting service [Tomcat]
2025-11-08 15:25:27 [INFO] o.a.c.c.StandardEngine [restartedMain] - Starting Servlet engine: [Apache Tomcat/10.1.48]
2025-11-08 15:25:28 [INFO] o.a.c.c.C.[.[.[/] [restartedMain] - Initializing Spring embedded WebApplicationContext
2025-11-08 15:25:28 [INFO] o.s.b.w.s.c.ServletWebServerApplicationContext [restartedMain] - Root WebApplicationContext: initialization completed in 1937 ms
2025-11-08 15:25:28 [INFO] o.h.j.i.u.LogHelper [restartedMain] - HHH000204: Processing PersistenceUnitInfo [name: default]
2025-11-08 15:25:28 [INFO] o.h.Version [restartedMain] - HHH000412: Hibernate ORM core version 6.6.33.Final
2025-11-08 15:25:28 [INFO] o.h.c.i.RegionFactoryInitiator [restartedMain] - HHH000026: Second-level cache disabled
2025-11-08 15:25:28 [INFO] o.s.o.j.p.SpringPersistenceUnitInfo [restartedMain] - No LoadTimeWeaver setup: ignoring JPA class transformer
2025-11-08 15:25:28 [INFO] c.z.h.HikariDataSource [restartedMain] - HikariPool-1 - Starting...
2025-11-08 15:25:29 [INFO] c.z.h.p.HikariPool [restartedMain] - HikariPool-1 - Added connection com.mysql.cj.jdbc.ConnectionImpl@1427d395
2025-11-08 15:25:29 [INFO] c.z.h.HikariDataSource [restartedMain] - HikariPool-1 - Start completed.
2025-11-08 15:25:29 [WARN] o.h.o.deprecation [restartedMain] - HHH90000025: MySQLDialect does not need to be specified explicitly using 'hibernate.dialect' (remove the property setting and it will be selected by default)
2025-11-08 15:25:29 [INFO] o.h.o.c.pooling [restartedMain] - HHH10001005: Database info:
	Database JDBC URL [Connecting through datasource 'HikariDataSource (HikariPool-1)']
	Database driver: undefined/unknown
	Database version: 8.0.35
	Autocommit mode: undefined/unknown
	Isolation level: undefined/unknown
	Minimum pool size: undefined/unknown
	Maximum pool size: undefined/unknown
2025-11-08 15:25:29 [INFO] o.h.e.t.j.p.i.JtaPlatformInitiator [restartedMain] - HHH000489: No JTA platform available (set 'hibernate.transaction.jta.platform' to enable JTA platform integration)
2025-11-08 15:25:30 [INFO] o.s.o.j.LocalContainerEntityManagerFactoryBean [restartedMain] - Initialized JPA EntityManagerFactory for persistence unit 'default'
2025-11-08 15:25:30 [INFO] o.s.s.c.a.a.c.InitializeUserDetailsBeanManagerConfigurer$InitializeUserDetailsManagerConfigurer [restartedMain] - Global AuthenticationManager configured with UserDetailsService bean with name accountService
2025-11-08 15:25:30 [WARN] o.s.b.a.o.j.JpaBaseConfiguration$JpaWebConfiguration [restartedMain] - spring.jpa.open-in-view is enabled by default. Therefore, database queries may be performed during view rendering. Explicitly configure spring.jpa.open-in-view to disable this warning
2025-11-08 15:25:31 [INFO] o.s.b.d.a.OptionalLiveReloadServer [restartedMain] - LiveReload server is running on port 35729
2025-11-08 15:25:31 [INFO] o.s.b.w.e.t.TomcatWebServer [restartedMain] - Tomcat started on port 8080 (http) with context path '/'
2025-11-08 15:25:31 [INFO] o.a.A.SpringStarterApplication [restartedMain] - Started SpringStarterApplication in 6.153 seconds (process running for 6.653)
2025-11-08 15:25:32 [WARN] o.h.e.j.s.SqlExceptionHelper [restartedMain] - SQL Error: 1062, SQLState: 23000
2025-11-08 15:25:32 [ERROR] o.h.e.j.s.SqlExceptionHelper [restartedMain] - Duplicate entry 'user@user.com' for key 'account.UKq0uja26qgu1atulenwup9rxyr'
2025-11-08 15:25:32 [INFO] o.s.b.a.l.ConditionEvaluationReportLogger [restartedMain] - 

Error starting ApplicationContext. To display the condition evaluation report re-run your application with 'debug' enabled.
2025-11-08 15:25:32 [ERROR] o.s.b.SpringApplication [restartedMain] - Application run failed
org.springframework.dao.DataIntegrityViolationException: could not execute statement [Duplicate entry 'user@user.com' for key 'account.UKq0uja26qgu1atulenwup9rxyr'] [insert into account (email,password,id) values (?,?,?)]; SQL [insert into account (email,password,id) values (?,?,?)]; constraint [account.UKq0uja26qgu1atulenwup9rxyr]
	at org.springframework.orm.jpa.vendor.HibernateJpaDialect.convertHibernateAccessException(HibernateJpaDialect.java:294)
	at org.springframework.orm.jpa.vendor.HibernateJpaDialect.convertHibernateAccessException(HibernateJpaDialect.java:256)
	at org.springframework.orm.jpa.vendor.HibernateJpaDialect.translateExceptionIfPossible(HibernateJpaDialect.java:241)
	at org.springframework.orm.jpa.JpaTransactionManager.doCommit(JpaTransactionManager.java:567)
	at org.springframework.transaction.support.AbstractPlatformTransactionManager.processCommit(AbstractPlatformTransactionManager.java:795)
	at org.springframework.transaction.support.AbstractPlatformTransactionManager.commit(AbstractPlatformTransactionManager.java:758)
	at org.springframework.transaction.interceptor.TransactionAspectSupport.commitTransactionAfterReturning(TransactionAspectSupport.java:698)
	at org.springframework.transaction.interceptor.TransactionAspectSupport.invokeWithinTransaction(TransactionAspectSupport.java:416)
	at org.springframework.transaction.interceptor.TransactionInterceptor.invoke(TransactionInterceptor.java:119)
	at org.springframework.aop.framework.ReflectiveMethodInvocation.proceed(ReflectiveMethodInvocation.java:184)
	at org.springframework.dao.support.PersistenceExceptionTranslationInterceptor.invoke(PersistenceExceptionTranslationInterceptor.java:138)
	at org.springframework.aop.framework.ReflectiveMethodInvocation.proceed(ReflectiveMethodInvocation.java:184)
	at org.springframework.data.jpa.repository.support.CrudMethodMetadataPostProcessor$CrudMethodMetadataPopulatingMethodInterceptor.invoke(CrudMethodMetadataPostProcessor.java:165)
	at org.springframework.aop.framework.ReflectiveMethodInvocation.proceed(ReflectiveMethodInvocation.java:184)
	at org.springframework.aop.framework.JdkDynamicAopProxy.invoke(JdkDynamicAopProxy.java:223)
	at jdk.proxy4/jdk.proxy4.$Proxy148.save(Unknown Source)
	at org.album.AlbumsManagementSystemAPI.Services.AccountService.save(AccountService.java:33)
	at org.album.AlbumsManagementSystemAPI.config.SeedData.run(SeedData.java:37)
	at org.springframework.boot.SpringApplication.lambda$callRunner$5(SpringApplication.java:788)
	at org.springframework.util.function.ThrowingConsumer$1.acceptWithException(ThrowingConsumer.java:82)
	at org.springframework.util.function.ThrowingConsumer.accept(ThrowingConsumer.java:60)
	at org.springframework.util.function.ThrowingConsumer$1.accept(ThrowingConsumer.java:86)
	at org.springframework.boot.SpringApplication.callRunner(SpringApplication.java:796)
	at org.springframework.boot.SpringApplication.callRunner(SpringApplication.java:787)
	at org.springframework.boot.SpringApplication.lambda$callRunners$3(SpringApplication.java:772)
	at java.base/java.util.stream.ForEachOps$ForEachOp$OfRef.accept(ForEachOps.java:184)
	at java.base/java.util.stream.SortedOps$SizedRefSortingSink.end(SortedOps.java:357)
	at java.base/java.util.stream.AbstractPipeline.copyInto(AbstractPipeline.java:510)
	at java.base/java.util.stream.AbstractPipeline.wrapAndCopyInto(AbstractPipeline.java:499)
	at java.base/java.util.stream.ForEachOps$ForEachOp.evaluateSequential(ForEachOps.java:151)
	at java.base/java.util.stream.ForEachOps$ForEachOp$OfRef.evaluateSequential(ForEachOps.java:174)
	at java.base/java.util.stream.AbstractPipeline.evaluate(AbstractPipeline.java:234)
	at java.base/java.util.stream.ReferencePipeline.forEach(ReferencePipeline.java:596)
	at org.springframework.boot.SpringApplication.callRunners(SpringApplication.java:772)
	at org.springframework.boot.SpringApplication.run(SpringApplication.java:325)
	at org.springframework.boot.SpringApplication.run(SpringApplication.java:1361)
	at org.springframework.boot.SpringApplication.run(SpringApplication.java:1350)
	at org.album.AlbumsManagementSystemAPI.SpringStarterApplication.main(SpringStarterApplication.java:14)
	at java.base/jdk.internal.reflect.DirectMethodHandleAccessor.invoke(DirectMethodHandleAccessor.java:103)
	at java.base/java.lang.reflect.Method.invoke(Method.java:580)
	at org.springframework.boot.devtools.restart.RestartLauncher.run(RestartLauncher.java:50)
Caused by: org.hibernate.exception.ConstraintViolationException: could not execute statement [Duplicate entry 'user@user.com' for key 'account.UKq0uja26qgu1atulenwup9rxyr'] [insert into account (email,password,id) values (?,?,?)]
	at org.hibernate.dialect.MySQLDialect.lambda$buildSQLExceptionConversionDelegate$3(MySQLDialect.java:1240)
	at org.hibernate.exception.internal.StandardSQLExceptionConverter.convert(StandardSQLExceptionConverter.java:58)
	at org.hibernate.engine.jdbc.spi.SqlExceptionHelper.convert(SqlExceptionHelper.java:108)
	at org.hibernate.engine.jdbc.internal.ResultSetReturnImpl.executeUpdate(ResultSetReturnImpl.java:197)
	at org.hibernate.engine.jdbc.mutation.internal.AbstractMutationExecutor.performNonBatchedMutation(AbstractMutationExecutor.java:134)
	at org.hibernate.engine.jdbc.mutation.internal.MutationExecutorSingleNonBatched.performNonBatchedOperations(MutationExecutorSingleNonBatched.java:55)
	at org.hibernate.engine.jdbc.mutation.internal.AbstractMutationExecutor.execute(AbstractMutationExecutor.java:55)
	at org.hibernate.persister.entity.mutation.InsertCoordinatorStandard.doStaticInserts(InsertCoordinatorStandard.java:194)
	at org.hibernate.persister.entity.mutation.InsertCoordinatorStandard.coordinateInsert(InsertCoordinatorStandard.java:132)
	at org.hibernate.persister.entity.mutation.InsertCoordinatorStandard.insert(InsertCoordinatorStandard.java:104)
	at org.hibernate.action.internal.EntityInsertAction.execute(EntityInsertAction.java:110)
	at org.hibernate.engine.spi.ActionQueue.executeActions(ActionQueue.java:644)
	at org.hibernate.engine.spi.ActionQueue.executeActions(ActionQueue.java:511)
	at org.hibernate.event.internal.AbstractFlushingEventListener.performExecutions(AbstractFlushingEventListener.java:414)
	at org.hibernate.event.internal.DefaultFlushEventListener.onFlush(DefaultFlushEventListener.java:41)
	at org.hibernate.event.service.internal.EventListenerGroupImpl.fireEventOnEachListener(EventListenerGroupImpl.java:127)
	at org.hibernate.internal.SessionImpl.doFlush(SessionImpl.java:1429)
	at org.hibernate.internal.SessionImpl.managedFlush(SessionImpl.java:491)
	at org.hibernate.internal.SessionImpl.flushBeforeTransactionCompletion(SessionImpl.java:2354)
	at org.hibernate.internal.SessionImpl.beforeTransactionCompletion(SessionImpl.java:1978)
	at org.hibernate.engine.jdbc.internal.JdbcCoordinatorImpl.beforeTransactionCompletion(JdbcCoordinatorImpl.java:439)
	at org.hibernate.resource.transaction.backend.jdbc.internal.JdbcResourceLocalTransactionCoordinatorImpl.beforeCompletionCallback(JdbcResourceLocalTransactionCoordinatorImpl.java:169)
	at org.hibernate.resource.transaction.backend.jdbc.internal.JdbcResourceLocalTransactionCoordinatorImpl$TransactionDriverControlImpl.commit(JdbcResourceLocalTransactionCoordinatorImpl.java:267)
	at org.hibernate.engine.transaction.internal.TransactionImpl.commit(TransactionImpl.java:101)
	at org.springframework.orm.jpa.JpaTransactionManager.doCommit(JpaTransactionManager.java:563)
	... 37 common frames omitted
Caused by: java.sql.SQLIntegrityConstraintViolationException: Duplicate entry 'user@user.com' for key 'account.UKq0uja26qgu1atulenwup9rxyr'
	at com.mysql.cj.jdbc.exceptions.SQLError.createSQLException(SQLError.java:109)
	at com.mysql.cj.jdbc.exceptions.SQLExceptionsMapping.translateException(SQLExceptionsMapping.java:114)
	at com.mysql.cj.jdbc.ClientPreparedStatement.executeInternal(ClientPreparedStatement.java:988)
	at com.mysql.cj.jdbc.ClientPreparedStatement.executeUpdateInternal(ClientPreparedStatement.java:1166)
	at com.mysql.cj.jdbc.ClientPreparedStatement.executeUpdateInternal(ClientPreparedStatement.java:1101)
	at com.mysql.cj.jdbc.ClientPreparedStatement.executeLargeUpdate(ClientPreparedStatement.java:1448)
	at com.mysql.cj.jdbc.ClientPreparedStatement.executeUpdate(ClientPreparedStatement.java:1084)
	at com.zaxxer.hikari.pool.ProxyPreparedStatement.executeUpdate(ProxyPreparedStatement.java:61)
	at com.zaxxer.hikari.pool.HikariProxyPreparedStatement.executeUpdate(HikariProxyPreparedStatement.java)
	at org.hibernate.engine.jdbc.internal.ResultSetReturnImpl.executeUpdate(ResultSetReturnImpl.java:194)
	... 58 common frames omitted
2025-11-08 15:25:32 [INFO] o.s.b.w.e.t.GracefulShutdown [restartedMain] - Commencing graceful shutdown. Waiting for active requests to complete
2025-11-08 15:25:32 [INFO] o.s.b.w.e.t.GracefulShutdown [tomcat-shutdown] - Graceful shutdown complete
2025-11-08 15:25:32 [INFO] o.s.o.j.LocalContainerEntityManagerFactoryBean [restartedMain] - Closing JPA EntityManagerFactory for persistence unit 'default'
2025-11-08 15:25:32 [INFO] c.z.h.HikariDataSource [restartedMain] - HikariPool-1 - Shutdown initiated...
2025-11-08 15:25:32 [INFO] c.z.h.HikariDataSource [restartedMain] - HikariPool-1 - Shutdown completed.
2025-11-08 15:26:23 [INFO] o.a.A.SpringStarterApplication [restartedMain] - Starting SpringStarterApplication using Java 21.0.7 with PID 37284 (D:\Java projects\AlbumMS\backend\AlbumManagementSystemAPI\target\classes started by ishch in D:\Java projects\AlbumMS\backend\AlbumManagementSystemAPI)
2025-11-08 15:26:23 [DEBUG] o.a.A.SpringStarterApplication [restartedMain] - Running with Spring Boot v3.5.7, Spring v6.2.12
2025-11-08 15:26:23 [INFO] o.a.A.SpringStarterApplication [restartedMain] - No active profile set, falling back to 1 default profile: "default"
2025-11-08 15:26:23 [INFO] o.s.b.d.e.DevToolsPropertyDefaultsPostProcessor [restartedMain] - Devtools property defaults active! Set 'spring.devtools.add-properties' to 'false' to disable
2025-11-08 15:26:23 [INFO] o.s.b.d.e.DevToolsPropertyDefaultsPostProcessor [restartedMain] - For additional web related logging consider setting the 'logging.level.web' property to 'DEBUG'
2025-11-08 15:26:24 [INFO] o.s.d.r.c.RepositoryConfigurationDelegate [restartedMain] - Bootstrapping Spring Data JPA repositories in DEFAULT mode.
2025-11-08 15:26:24 [INFO] o.s.d.r.c.RepositoryConfigurationDelegate [restartedMain] - Finished Spring Data repository scanning in 56 ms. Found 3 JPA repository interfaces.
2025-11-08 15:26:25 [INFO] o.s.b.w.e.t.TomcatWebServer [restartedMain] - Tomcat initialized with port 8080 (http)
2025-11-08 15:26:25 [INFO] o.a.c.c.StandardService [restartedMain] - Starting service [Tomcat]
2025-11-08 15:26:25 [INFO] o.a.c.c.StandardEngine [restartedMain] - Starting Servlet engine: [Apache Tomcat/10.1.48]
2025-11-08 15:26:25 [INFO] o.a.c.c.C.[.[.[/] [restartedMain] - Initializing Spring embedded WebApplicationContext
2025-11-08 15:26:25 [INFO] o.s.b.w.s.c.ServletWebServerApplicationContext [restartedMain] - Root WebApplicationContext: initialization completed in 1873 ms
2025-11-08 15:26:25 [INFO] o.h.j.i.u.LogHelper [restartedMain] - HHH000204: Processing PersistenceUnitInfo [name: default]
2025-11-08 15:26:25 [INFO] o.h.Version [restartedMain] - HHH000412: Hibernate ORM core version 6.6.33.Final
2025-11-08 15:26:25 [INFO] o.h.c.i.RegionFactoryInitiator [restartedMain] - HHH000026: Second-level cache disabled
2025-11-08 15:26:26 [INFO] o.s.o.j.p.SpringPersistenceUnitInfo [restartedMain] - No LoadTimeWeaver setup: ignoring JPA class transformer
2025-11-08 15:26:26 [INFO] c.z.h.HikariDataSource [restartedMain] - HikariPool-1 - Starting...
2025-11-08 15:26:26 [INFO] c.z.h.p.HikariPool [restartedMain] - HikariPool-1 - Added connection com.mysql.cj.jdbc.ConnectionImpl@6280a7bf
2025-11-08 15:26:26 [INFO] c.z.h.HikariDataSource [restartedMain] - HikariPool-1 - Start completed.
2025-11-08 15:26:26 [WARN] o.h.o.deprecation [restartedMain] - HHH90000025: MySQLDialect does not need to be specified explicitly using 'hibernate.dialect' (remove the property setting and it will be selected by default)
2025-11-08 15:26:26 [INFO] o.h.o.c.pooling [restartedMain] - HHH10001005: Database info:
	Database JDBC URL [Connecting through datasource 'HikariDataSource (HikariPool-1)']
	Database driver: undefined/unknown
	Database version: 8.0.35
	Autocommit mode: undefined/unknown
	Isolation level: undefined/unknown
	Minimum pool size: undefined/unknown
	Maximum pool size: undefined/unknown
2025-11-08 15:26:27 [INFO] o.h.e.t.j.p.i.JtaPlatformInitiator [restartedMain] - HHH000489: No JTA platform available (set 'hibernate.transaction.jta.platform' to enable JTA platform integration)
2025-11-08 15:26:27 [INFO] o.s.o.j.LocalContainerEntityManagerFactoryBean [restartedMain] - Initialized JPA EntityManagerFactory for persistence unit 'default'
2025-11-08 15:26:27 [INFO] o.s.s.c.a.a.c.InitializeUserDetailsBeanManagerConfigurer$InitializeUserDetailsManagerConfigurer [restartedMain] - Global AuthenticationManager configured with UserDetailsService bean with name accountService
2025-11-08 15:26:27 [WARN] o.s.b.a.o.j.JpaBaseConfiguration$JpaWebConfiguration [restartedMain] - spring.jpa.open-in-view is enabled by default. Therefore, database queries may be performed during view rendering. Explicitly configure spring.jpa.open-in-view to disable this warning
2025-11-08 15:26:28 [INFO] o.s.b.d.a.OptionalLiveReloadServer [restartedMain] - LiveReload server is running on port 35729
2025-11-08 15:26:28 [INFO] o.s.b.w.e.t.TomcatWebServer [restartedMain] - Tomcat started on port 8080 (http) with context path '/'
2025-11-08 15:26:28 [INFO] o.a.A.SpringStarterApplication [restartedMain] - Started SpringStarterApplication in 5.677 seconds (process running for 6.132)
2025-11-08 15:38:10 [INFO] o.s.b.w.e.t.GracefulShutdown [SpringApplicationShutdownHook] - Commencing graceful shutdown. Waiting for active requests to complete
2025-11-08 15:38:10 [INFO] o.s.b.w.e.t.GracefulShutdown [tomcat-shutdown] - Graceful shutdown complete
2025-11-08 15:38:10 [INFO] o.s.o.j.LocalContainerEntityManagerFactoryBean [SpringApplicationShutdownHook] - Closing JPA EntityManagerFactory for persistence unit 'default'
2025-11-08 15:38:10 [INFO] c.z.h.HikariDataSource [SpringApplicationShutdownHook] - HikariPool-1 - Shutdown initiated...
2025-11-08 15:38:10 [INFO] c.z.h.HikariDataSource [SpringApplicationShutdownHook] - HikariPool-1 - Shutdown completed.
2025-11-08 15:38:20 [INFO] o.a.A.SpringStarterApplication [restartedMain] - Starting SpringStarterApplication using Java 21.0.7 with PID 13852 (D:\Java projects\AlbumMS\backend\AlbumManagementSystemAPI\target\classes started by ishch in D:\Java projects\AlbumMS\backend\AlbumManagementSystemAPI)
2025-11-08 15:38:20 [DEBUG] o.a.A.SpringStarterApplication [restartedMain] - Running with Spring Boot v3.5.7, Spring v6.2.12
2025-11-08 15:38:20 [INFO] o.a.A.SpringStarterApplication [restartedMain] - No active profile set, falling back to 1 default profile: "default"
2025-11-08 15:38:20 [INFO] o.s.b.d.e.DevToolsPropertyDefaultsPostProcessor [restartedMain] - Devtools property defaults active! Set 'spring.devtools.add-properties' to 'false' to disable
2025-11-08 15:38:20 [INFO] o.s.b.d.e.DevToolsPropertyDefaultsPostProcessor [restartedMain] - For additional web related logging consider setting the 'logging.level.web' property to 'DEBUG'
2025-11-08 15:38:21 [INFO] o.s.d.r.c.RepositoryConfigurationDelegate [restartedMain] - Bootstrapping Spring Data JPA repositories in DEFAULT mode.
2025-11-08 15:38:21 [INFO] o.s.d.r.c.RepositoryConfigurationDelegate [restartedMain] - Finished Spring Data repository scanning in 53 ms. Found 3 JPA repository interfaces.
2025-11-08 15:38:22 [INFO] o.s.b.w.e.t.TomcatWebServer [restartedMain] - Tomcat initialized with port 8080 (http)
2025-11-08 15:38:22 [INFO] o.a.c.c.StandardService [restartedMain] - Starting service [Tomcat]
2025-11-08 15:38:22 [INFO] o.a.c.c.StandardEngine [restartedMain] - Starting Servlet engine: [Apache Tomcat/10.1.48]
2025-11-08 15:38:22 [INFO] o.a.c.c.C.[.[.[/] [restartedMain] - Initializing Spring embedded WebApplicationContext
2025-11-08 15:38:22 [INFO] o.s.b.w.s.c.ServletWebServerApplicationContext [restartedMain] - Root WebApplicationContext: initialization completed in 1894 ms
2025-11-08 15:38:22 [INFO] o.h.j.i.u.LogHelper [restartedMain] - HHH000204: Processing PersistenceUnitInfo [name: default]
2025-11-08 15:38:22 [INFO] o.h.Version [restartedMain] - HHH000412: Hibernate ORM core version 6.6.33.Final
2025-11-08 15:38:22 [INFO] o.h.c.i.RegionFactoryInitiator [restartedMain] - HHH000026: Second-level cache disabled
2025-11-08 15:38:22 [INFO] o.s.o.j.p.SpringPersistenceUnitInfo [restartedMain] - No LoadTimeWeaver setup: ignoring JPA class transformer
2025-11-08 15:38:22 [INFO] c.z.h.HikariDataSource [restartedMain] - HikariPool-1 - Starting...
2025-11-08 15:38:23 [INFO] c.z.h.p.HikariPool [restartedMain] - HikariPool-1 - Added connection com.mysql.cj.jdbc.ConnectionImpl@77a6ac27
2025-11-08 15:38:23 [INFO] c.z.h.HikariDataSource [restartedMain] - HikariPool-1 - Start completed.
2025-11-08 15:38:23 [WARN] o.h.o.deprecation [restartedMain] - HHH90000025: MySQLDialect does not need to be specified explicitly using 'hibernate.dialect' (remove the property setting and it will be selected by default)
2025-11-08 15:38:23 [INFO] o.h.o.c.pooling [restartedMain] - HHH10001005: Database info:
	Database JDBC URL [Connecting through datasource 'HikariDataSource (HikariPool-1)']
	Database driver: undefined/unknown
	Database version: 8.0.35
	Autocommit mode: undefined/unknown
	Isolation level: undefined/unknown
	Minimum pool size: undefined/unknown
	Maximum pool size: undefined/unknown
2025-11-08 15:38:24 [INFO] o.h.e.t.j.p.i.JtaPlatformInitiator [restartedMain] - HHH000489: No JTA platform available (set 'hibernate.transaction.jta.platform' to enable JTA platform integration)
2025-11-08 15:38:24 [INFO] o.s.o.j.LocalContainerEntityManagerFactoryBean [restartedMain] - Initialized JPA EntityManagerFactory for persistence unit 'default'
2025-11-08 15:38:24 [INFO] o.s.s.c.a.a.c.InitializeUserDetailsBeanManagerConfigurer$InitializeUserDetailsManagerConfigurer [restartedMain] - Global AuthenticationManager configured with UserDetailsService bean with name accountService
2025-11-08 15:38:24 [WARN] o.s.b.a.o.j.JpaBaseConfiguration$JpaWebConfiguration [restartedMain] - spring.jpa.open-in-view is enabled by default. Therefore, database queries may be performed during view rendering. Explicitly configure spring.jpa.open-in-view to disable this warning
2025-11-08 15:38:25 [INFO] o.s.b.d.a.OptionalLiveReloadServer [restartedMain] - LiveReload server is running on port 35729
2025-11-08 15:38:25 [INFO] o.s.b.w.e.t.TomcatWebServer [restartedMain] - Tomcat started on port 8080 (http) with context path '/'
2025-11-08 15:38:25 [INFO] o.a.A.SpringStarterApplication [restartedMain] - Started SpringStarterApplication in 5.954 seconds (process running for 6.415)
2025-11-08 15:38:36 [INFO] o.a.c.c.C.[.[.[/] [http-nio-8080-exec-1] - Initializing Spring DispatcherServlet 'dispatcherServlet'
2025-11-08 15:38:36 [INFO] o.s.w.s.DispatcherServlet [http-nio-8080-exec-1] - Initializing Servlet 'dispatcherServlet'
2025-11-08 15:38:36 [INFO] o.s.w.s.DispatcherServlet [http-nio-8080-exec-1] - Completed initialization in 0 ms
2025-11-08 15:38:38 [INFO] o.s.a.AbstractOpenApiResource [http-nio-8080-exec-8] - Init duration for springdoc-openapi is: 344 ms
2025-11-08 16:09:34 [WARN] o.s.w.s.m.s.DefaultHandlerExceptionResolver [http-nio-8080-exec-3] - Resolved [org.springframework.web.multipart.MaxUploadSizeExceededException: Maximum upload size exceeded]
2025-11-08 16:09:35 [WARN] o.s.w.s.m.s.DefaultHandlerExceptionResolver [http-nio-8080-exec-2] - Resolved [org.springframework.web.multipart.MaxUploadSizeExceededException: Maximum upload size exceeded]
2025-11-08 16:10:36 [WARN] o.s.w.s.m.s.DefaultHandlerExceptionResolver [http-nio-8080-exec-4] - Resolved [org.springframework.web.multipart.MaxUploadSizeExceededException: Maximum upload size exceeded]
2025-11-08 16:14:56 [INFO] o.s.b.w.e.t.GracefulShutdown [SpringApplicationShutdownHook] - Commencing graceful shutdown. Waiting for active requests to complete
2025-11-08 16:14:56 [INFO] o.s.b.w.e.t.GracefulShutdown [tomcat-shutdown] - Graceful shutdown complete
2025-11-08 16:14:56 [INFO] o.s.o.j.LocalContainerEntityManagerFactoryBean [SpringApplicationShutdownHook] - Closing JPA EntityManagerFactory for persistence unit 'default'
2025-11-08 16:14:56 [INFO] c.z.h.HikariDataSource [SpringApplicationShutdownHook] - HikariPool-1 - Shutdown initiated...
2025-11-08 16:14:56 [INFO] c.z.h.HikariDataSource [SpringApplicationShutdownHook] - HikariPool-1 - Shutdown completed.
